  BulletsBase.cpp
  CharaBase.cpp
  Enemy.cpp
C:\Users\12105150\Desktop\C++\miyara_shootinggame\miyara_shootinggame_17\miyara_ShootingGame\Enemy.cpp(61,78): warning C4305: '初期化中': 'double' から 'float' へ切り詰めます。
C:\Users\12105150\Desktop\C++\miyara_shootinggame\miyara_shootinggame_17\miyara_ShootingGame\Enemy.cpp(140,56): warning C4244: '引数': 'float' から 'int' への変換です。データが失われる可能性があります。
C:\Users\12105150\Desktop\C++\miyara_shootinggame\miyara_shootinggame_17\miyara_ShootingGame\Enemy.cpp(140,43): warning C4244: '引数': 'float' から 'int' への変換です。データが失われる可能性があります。
C:\Users\12105150\Desktop\C++\miyara_shootinggame\miyara_shootinggame_17\miyara_ShootingGame\Enemy.cpp(140,26): warning C4244: '引数': 'float' から 'int' への変換です。データが失われる可能性があります。
  E_ITEM_TYPE.cpp
  GameMainScene.cpp
  ItemBase.cpp
  KeyManager.cpp
  main.cpp
  Player.cpp
C:\Users\12105150\Desktop\C++\miyara_shootinggame\miyara_shootinggame_17\miyara_ShootingGame\Player.cpp(83,56): warning C4244: '引数': 'float' から 'int' への変換です。データが失われる可能性があります。
C:\Users\12105150\Desktop\C++\miyara_shootinggame\miyara_shootinggame_17\miyara_ShootingGame\Player.cpp(83,43): warning C4244: '引数': 'float' から 'int' への変換です。データが失われる可能性があります。
C:\Users\12105150\Desktop\C++\miyara_shootinggame\miyara_shootinggame_17\miyara_ShootingGame\Player.cpp(83,26): warning C4244: '引数': 'float' から 'int' への変換です。データが失われる可能性があります。
  Recovery.cpp
C:\Users\12105150\Desktop\C++\miyara_shootinggame\miyara_shootinggame_17\miyara_ShootingGame\Recovery.cpp(17,56): warning C4244: '引数': 'float' から 'int' への変換です。データが失われる可能性があります。
C:\Users\12105150\Desktop\C++\miyara_shootinggame\miyara_shootinggame_17\miyara_ShootingGame\Recovery.cpp(17,43): warning C4244: '引数': 'float' から 'int' への変換です。データが失われる可能性があります。
C:\Users\12105150\Desktop\C++\miyara_shootinggame\miyara_shootinggame_17\miyara_ShootingGame\Recovery.cpp(17,26): warning C4244: '引数': 'float' から 'int' への変換です。データが失われる可能性があります。
  SceneManager.cpp
  SphereCollider.cpp
  SpiralBullet.cpp
C:\Users\12105150\Desktop\C++\miyara_shootinggame\miyara_shootinggame_17\miyara_ShootingGame\SpiralBullet.cpp(13,10): warning C4244: '初期化中': 'double' から 'float' への変換です。データが失われる可能性があります。
C:\Users\12105150\Desktop\C++\miyara_shootinggame\miyara_shootinggame_17\miyara_ShootingGame\SpiralBullet.cpp(14,10): warning C4244: '初期化中': 'double' から 'float' への変換です。データが失われる可能性があります。
C:\Users\12105150\Desktop\C++\miyara_shootinggame\miyara_shootinggame_17\miyara_ShootingGame\SpiralBullet.cpp(29,56): warning C4244: '引数': 'float' から 'int' への変換です。データが失われる可能性があります。
C:\Users\12105150\Desktop\C++\miyara_shootinggame\miyara_shootinggame_17\miyara_ShootingGame\SpiralBullet.cpp(29,43): warning C4244: '引数': 'float' から 'int' への変換です。データが失われる可能性があります。
C:\Users\12105150\Desktop\C++\miyara_shootinggame\miyara_shootinggame_17\miyara_ShootingGame\SpiralBullet.cpp(29,26): warning C4244: '引数': 'float' から 'int' への変換です。データが失われる可能性があります。
  StraightBullets.cpp
C:\Users\12105150\Desktop\C++\miyara_shootinggame\miyara_shootinggame_17\miyara_ShootingGame\StraightBullets.cpp(18,56): warning C4244: '引数': 'float' から 'int' への変換です。データが失われる可能性があります。
C:\Users\12105150\Desktop\C++\miyara_shootinggame\miyara_shootinggame_17\miyara_ShootingGame\StraightBullets.cpp(18,43): warning C4244: '引数': 'float' から 'int' への変換です。データが失われる可能性があります。
C:\Users\12105150\Desktop\C++\miyara_shootinggame\miyara_shootinggame_17\miyara_ShootingGame\StraightBullets.cpp(18,26): warning C4244: '引数': 'float' から 'int' への変換です。データが失われる可能性があります。
  TitleScene.cpp
  コードを生成中...
  miyara_ShootingGame.vcxproj -> C:\Users\12105150\Desktop\C++\miyara_shootinggame\miyara_shootinggame_17\x64\Debug\miyara_ShootingGame.exe
